wx.ART_ADD_BOOKMARK
wx.ART_DEL_BOOKMARK
wx.ART_HELP_SIDE_PANEL
wx.ART_HELP_SETTINGS
wx.ART_HELP_BOOK
wx.ART_HELP_FOLDER
wx.ART_HELP_PAGE
wx.ART_GO_BACK
wx.ART_GO_FORWARD
wx.ART_GO_UP
wx.ART_GO_DOWN
wx.ART_GO_TO_PARENT
wx.ART_GO_HOME
wx.ART_FILE_OPEN
wx.ART_PRINT
wx.ART_HELP
wx.ART_TIP
wx.ART_REPORT_VIEW
wx.ART_LIST_VIEW
wx.ART_NEW_DIR
wx.ART_HARDDISK
wx.ART_FLOPPY
wx.ART_CDROM
wx.ART_REMOVABLE
wx.ART_FOLDER
wx.ART_FOLDER_OPEN
wx.ART_GO_DIR_UP
wx.ART_EXECUTABLE_FILE
wx.ART_NORMAL_FILE
wx.ART_TICK_MARK
wx.ART_CROSS_MARK
wx.ART_ERROR
wx.ART_QUESTION
wx.ART_WARNING
wx.ART_INFORMATION
wx.ART_MISSING_IMAGE
wx.ART_ADD_BOOKMARK
wx.ART_DEL_BOOKMARK
wx.ART_HELP_SIDE_PANEL
wx.ART_HELP_SETTINGS
wx.ART_HELP_BOOK
wx.ART_HELP_FOLDER
wx.ART_HELP_PAGE
wx.ART_GO_BACK
wx.ART_GO_FORWARD
wx.ART_GO_UP
wx.ART_GO_DOWN
wx.ART_GO_TO_PARENT
wx.ART_GO_HOME
wx.ART_FILE_OPEN
wx.ART_PRINT
wx.ART_HELP
wx.ART_TIP
wx.ART_REPORT_VIEW
wx.ART_LIST_VIEW
wx.ART_NEW_DIR
wx.ART_HARDDISK
wx.ART_FLOPPY
wx.ART_CDROM
wx.ART_REMOVABLE
wx.ART_FOLDER
wx.ART_FOLDER_OPEN
wx.ART_GO_DIR_UP
wx.ART_EXECUTABLE_FILE
wx.ART_NORMAL_FILE
wx.ART_TICK_MARK
wx.ART_CROSS_MARK
wx.ART_ERROR
wx.ART_QUESTION
wx.ART_WARNING
wx.ART_INFORMATION
wx.ART_MISSING_IMAGE
wx.ART_ADD_BOOKMARK
wx.ART_DEL_BOOKMARK
wx.ART_HELP_SIDE_PANEL
wx.ART_HELP_SETTINGS
wx.ART_HELP_BOOK
wx.ART_HELP_FOLDER
wx.ART_HELP_PAGE
wx.ART_GO_BACK
wx.ART_GO_FORWARD
wx.ART_GO_UP
wx.ART_GO_DOWN
wx.ART_GO_TO_PARENT
wx.ART_GO_HOME
wx.ART_FILE_OPEN
wx.ART_PRINT
wx.ART_HELP
wx.ART_TIP
wx.ART_REPORT_VIEW
wx.ART_LIST_VIEW
wx.ART_NEW_DIR
wx.ART_HARDDISK
wx.ART_FLOPPY
wx.ART_CDROM
wx.ART_REMOVABLE
wx.ART_FOLDER
wx.ART_FOLDER_OPEN
wx.ART_GO_DIR_UP
wx.ART_EXECUTABLE_FILE
wx.ART_NORMAL_FILE
wx.ART_TICK_MARK
wx.ART_CROSS_MARK
wx.ART_ERROR
wx.ART_QUESTION
wx.ART_WARNING
wx.ART_INFORMATION
wx.ART_MISSING_IMAGE
wx.ART_ADD_BOOKMARK
wx.ART_DEL_BOOKMARK
wx.ART_HELP_SIDE_PANEL
wx.ART_HELP_SETTINGS
wx.ART_HELP_BOOK
wx.ART_HELP_FOLDER
wx.ART_HELP_PAGE
wx.ART_GO_BACK
wx.ART_GO_FORWARD
wx.ART_GO_UP
wx.ART_GO_DOWN
wx.ART_GO_TO_PARENT
wx.ART_GO_HOME
wx.ART_FILE_OPEN
wx.ART_PRINT
wx.ART_HELP
wx.ART_TIP
wx.ART_REPORT_VIEW
wx.ART_LIST_VIEW
wx.ART_NEW_DIR
wx.ART_HARDDISK
wx.ART_FLOPPY
wx.ART_CDROM
wx.ART_REMOVABLE
wx.ART_FOLDER
wx.ART_FOLDER_OPEN
wx.ART_GO_DIR_UP
wx.ART_EXECUTABLE_FILE
wx.ART_NORMAL_FILE
wx.ART_TICK_MARK
wx.ART_CROSS_MARK
wx.ART_ERROR
wx.ART_QUESTION
wx.ART_WARNING
wx.ART_INFORMATION
wx.ART_MISSING_IMAGE
Traceback (most recent call last):
  File "C:\Documents and Settings\Jacky\My Documents\googlecode\labelbook.py", line 90, in <module>
    main()
  File "C:\Documents and Settings\Jacky\My Documents\googlecode\labelbook.py", line 74, in main
    dlg = wx.Frame.__init__(None, -1, title='Amber Dialog',size =(500,400))
TypeError: unbound method __init__() must be called with Frame instance as first argument (got NoneType instance instead)
Traceback (most recent call last):
  File "C:\Documents and Settings\Jacky\My Documents\googlecode\labelbook.py", line 90, in <module>
    main()
  File "C:\Documents and Settings\Jacky\My Documents\googlecode\labelbook.py", line 76, in main
    MyFrame(dlg,-1)
TypeError: __init__() takes exactly 2 arguments (3 given)
wx.ART_ADD_BOOKMARK
wx.ART_DEL_BOOKMARK
wx.ART_HELP_SIDE_PANEL
wx.ART_HELP_SETTINGS
wx.ART_HELP_BOOK
wx.ART_HELP_FOLDER
wx.ART_HELP_PAGE
wx.ART_GO_BACK
wx.ART_GO_FORWARD
wx.ART_GO_UP
wx.ART_GO_DOWN
wx.ART_GO_TO_PARENT
wx.ART_GO_HOME
wx.ART_FILE_OPEN
wx.ART_PRINT
wx.ART_HELP
wx.ART_TIP
wx.ART_REPORT_VIEW
wx.ART_LIST_VIEW
wx.ART_NEW_DIR
wx.ART_HARDDISK
wx.ART_FLOPPY
wx.ART_CDROM
wx.ART_REMOVABLE
wx.ART_FOLDER
wx.ART_FOLDER_OPEN
wx.ART_GO_DIR_UP
wx.ART_EXECUTABLE_FILE
wx.ART_NORMAL_FILE
wx.ART_TICK_MARK
wx.ART_CROSS_MARK
wx.ART_ERROR
wx.ART_QUESTION
wx.ART_WARNING
wx.ART_INFORMATION
wx.ART_MISSING_IMAGE
wx.ART_ADD_BOOKMARK
wx.ART_DEL_BOOKMARK
wx.ART_HELP_SIDE_PANEL
wx.ART_HELP_SETTINGS
wx.ART_HELP_BOOK
wx.ART_HELP_FOLDER
wx.ART_HELP_PAGE
wx.ART_GO_BACK
wx.ART_GO_FORWARD
wx.ART_GO_UP
wx.ART_GO_DOWN
wx.ART_GO_TO_PARENT
wx.ART_GO_HOME
wx.ART_FILE_OPEN
wx.ART_PRINT
wx.ART_HELP
wx.ART_TIP
wx.ART_REPORT_VIEW
wx.ART_LIST_VIEW
wx.ART_NEW_DIR
wx.ART_HARDDISK
wx.ART_FLOPPY
wx.ART_CDROM
wx.ART_REMOVABLE
wx.ART_FOLDER
wx.ART_FOLDER_OPEN
wx.ART_GO_DIR_UP
wx.ART_EXECUTABLE_FILE
wx.ART_NORMAL_FILE
wx.ART_TICK_MARK
wx.ART_CROSS_MARK
wx.ART_ERROR
wx.ART_QUESTION
wx.ART_WARNING
wx.ART_INFORMATION
wx.ART_MISSING_IMAGE
<wx.lib.agw.hypertreelist.TreeListItem object at 0x01CC3110>
wx.ART_ADD_BOOKMARK
wx.ART_DEL_BOOKMARK
wx.ART_HELP_SIDE_PANEL
wx.ART_HELP_SETTINGS
wx.ART_HELP_BOOK
wx.ART_HELP_FOLDER
wx.ART_HELP_PAGE
wx.ART_GO_BACK
wx.ART_GO_FORWARD
wx.ART_GO_UP
wx.ART_GO_DOWN
wx.ART_GO_TO_PARENT
wx.ART_GO_HOME
wx.ART_FILE_OPEN
wx.ART_PRINT
wx.ART_HELP
wx.ART_TIP
wx.ART_REPORT_VIEW
wx.ART_LIST_VIEW
wx.ART_NEW_DIR
wx.ART_HARDDISK
wx.ART_FLOPPY
wx.ART_CDROM
wx.ART_REMOVABLE
wx.ART_FOLDER
wx.ART_FOLDER_OPEN
wx.ART_GO_DIR_UP
wx.ART_EXECUTABLE_FILE
wx.ART_NORMAL_FILE
wx.ART_TICK_MARK
wx.ART_CROSS_MARK
wx.ART_ERROR
wx.ART_QUESTION
wx.ART_WARNING
wx.ART_INFORMATION
wx.ART_MISSING_IMAGE
<wx.lib.agw.hypertreelist.TreeListItem object at 0x011FF7D0>
wx.ART_ADD_BOOKMARK
wx.ART_DEL_BOOKMARK
wx.ART_HELP_SIDE_PANEL
wx.ART_HELP_SETTINGS
wx.ART_HELP_BOOK
wx.ART_HELP_FOLDER
wx.ART_HELP_PAGE
wx.ART_GO_BACK
wx.ART_GO_FORWARD
wx.ART_GO_UP
wx.ART_GO_DOWN
wx.ART_GO_TO_PARENT
wx.ART_GO_HOME
wx.ART_FILE_OPEN
wx.ART_PRINT
wx.ART_HELP
wx.ART_TIP
wx.ART_REPORT_VIEW
wx.ART_LIST_VIEW
wx.ART_NEW_DIR
wx.ART_HARDDISK
wx.ART_FLOPPY
wx.ART_CDROM
wx.ART_REMOVABLE
wx.ART_FOLDER
wx.ART_FOLDER_OPEN
wx.ART_GO_DIR_UP
wx.ART_EXECUTABLE_FILE
wx.ART_NORMAL_FILE
wx.ART_TICK_MARK
wx.ART_CROSS_MARK
wx.ART_ERROR
wx.ART_QUESTION
wx.ART_WARNING
wx.ART_INFORMATION
wx.ART_MISSING_IMAGE
<wx.lib.agw.hypertreelist.TreeListItem object at 0x011FF7D0>
wx.ART_ADD_BOOKMARK
wx.ART_DEL_BOOKMARK
wx.ART_HELP_SIDE_PANEL
wx.ART_HELP_SETTINGS
wx.ART_HELP_BOOK
wx.ART_HELP_FOLDER
wx.ART_HELP_PAGE
wx.ART_GO_BACK
wx.ART_GO_FORWARD
wx.ART_GO_UP
wx.ART_GO_DOWN
wx.ART_GO_TO_PARENT
wx.ART_GO_HOME
wx.ART_FILE_OPEN
wx.ART_PRINT
wx.ART_HELP
wx.ART_TIP
wx.ART_REPORT_VIEW
wx.ART_LIST_VIEW
wx.ART_NEW_DIR
wx.ART_HARDDISK
wx.ART_FLOPPY
wx.ART_CDROM
wx.ART_REMOVABLE
wx.ART_FOLDER
wx.ART_FOLDER_OPEN
wx.ART_GO_DIR_UP
wx.ART_EXECUTABLE_FILE
wx.ART_NORMAL_FILE
wx.ART_TICK_MARK
wx.ART_CROSS_MARK
wx.ART_ERROR
wx.ART_QUESTION
wx.ART_WARNING
wx.ART_INFORMATION
wx.ART_MISSING_IMAGE
<wx.lib.agw.hypertreelist.TreeListItem object at 0x01E09B10>
wx.ART_ADD_BOOKMARK
wx.ART_DEL_BOOKMARK
wx.ART_HELP_SIDE_PANEL
wx.ART_HELP_SETTINGS
wx.ART_HELP_BOOK
wx.ART_HELP_FOLDER
wx.ART_HELP_PAGE
wx.ART_GO_BACK
wx.ART_GO_FORWARD
wx.ART_GO_UP
wx.ART_GO_DOWN
wx.ART_GO_TO_PARENT
wx.ART_GO_HOME
wx.ART_FILE_OPEN
wx.ART_PRINT
wx.ART_HELP
wx.ART_TIP
wx.ART_REPORT_VIEW
wx.ART_LIST_VIEW
wx.ART_NEW_DIR
wx.ART_HARDDISK
wx.ART_FLOPPY
wx.ART_CDROM
wx.ART_REMOVABLE
wx.ART_FOLDER
wx.ART_FOLDER_OPEN
wx.ART_GO_DIR_UP
wx.ART_EXECUTABLE_FILE
wx.ART_NORMAL_FILE
wx.ART_TICK_MARK
wx.ART_CROSS_MARK
wx.ART_ERROR
wx.ART_QUESTION
wx.ART_WARNING
wx.ART_INFORMATION
wx.ART_MISSING_IMAGE
<wx.lib.agw.hypertreelist.TreeListItem object at 0x01C4E730>
wx.ART_ADD_BOOKMARK
wx.ART_DEL_BOOKMARK
wx.ART_HELP_SIDE_PANEL
wx.ART_HELP_SETTINGS
wx.ART_HELP_BOOK
wx.ART_HELP_FOLDER
wx.ART_HELP_PAGE
wx.ART_GO_BACK
wx.ART_GO_FORWARD
wx.ART_GO_UP
wx.ART_GO_DOWN
wx.ART_GO_TO_PARENT
wx.ART_GO_HOME
wx.ART_FILE_OPEN
wx.ART_PRINT
wx.ART_HELP
wx.ART_TIP
wx.ART_REPORT_VIEW
wx.ART_LIST_VIEW
wx.ART_NEW_DIR
wx.ART_HARDDISK
wx.ART_FLOPPY
wx.ART_CDROM
wx.ART_REMOVABLE
wx.ART_FOLDER
wx.ART_FOLDER_OPEN
wx.ART_GO_DIR_UP
wx.ART_EXECUTABLE_FILE
wx.ART_NORMAL_FILE
wx.ART_TICK_MARK
wx.ART_CROSS_MARK
wx.ART_ERROR
wx.ART_QUESTION
wx.ART_WARNING
wx.ART_INFORMATION
wx.ART_MISSING_IMAGE
<wx.lib.agw.hypertreelist.TreeListItem object at 0x01A68A90>
wx.ART_ADD_BOOKMARK
wx.ART_DEL_BOOKMARK
wx.ART_HELP_SIDE_PANEL
wx.ART_HELP_SETTINGS
wx.ART_HELP_BOOK
wx.ART_HELP_FOLDER
wx.ART_HELP_PAGE
wx.ART_GO_BACK
wx.ART_GO_FORWARD
wx.ART_GO_UP
wx.ART_GO_DOWN
wx.ART_GO_TO_PARENT
wx.ART_GO_HOME
wx.ART_FILE_OPEN
wx.ART_PRINT
wx.ART_HELP
wx.ART_TIP
wx.ART_REPORT_VIEW
wx.ART_LIST_VIEW
wx.ART_NEW_DIR
wx.ART_HARDDISK
wx.ART_FLOPPY
wx.ART_CDROM
wx.ART_REMOVABLE
wx.ART_FOLDER
wx.ART_FOLDER_OPEN
wx.ART_GO_DIR_UP
wx.ART_EXECUTABLE_FILE
wx.ART_NORMAL_FILE
wx.ART_TICK_MARK
wx.ART_CROSS_MARK
wx.ART_ERROR
wx.ART_QUESTION
wx.ART_WARNING
wx.ART_INFORMATION
wx.ART_MISSING_IMAGE
<wx.lib.agw.hypertreelist.TreeListItem object at 0x01E70D10>
wx.ART_ADD_BOOKMARK
wx.ART_DEL_BOOKMARK
wx.ART_HELP_SIDE_PANEL
wx.ART_HELP_SETTINGS
wx.ART_HELP_BOOK
wx.ART_HELP_FOLDER
wx.ART_HELP_PAGE
wx.ART_GO_BACK
wx.ART_GO_FORWARD
wx.ART_GO_UP
wx.ART_GO_DOWN
wx.ART_GO_TO_PARENT
wx.ART_GO_HOME
wx.ART_FILE_OPEN
wx.ART_PRINT
wx.ART_HELP
wx.ART_TIP
wx.ART_REPORT_VIEW
wx.ART_LIST_VIEW
wx.ART_NEW_DIR
wx.ART_HARDDISK
wx.ART_FLOPPY
wx.ART_CDROM
wx.ART_REMOVABLE
wx.ART_FOLDER
wx.ART_FOLDER_OPEN
wx.ART_GO_DIR_UP
wx.ART_EXECUTABLE_FILE
wx.ART_NORMAL_FILE
wx.ART_TICK_MARK
wx.ART_CROSS_MARK
wx.ART_ERROR
wx.ART_QUESTION
wx.ART_WARNING
wx.ART_INFORMATION
wx.ART_MISSING_IMAGE
wx.ART_ADD_BOOKMARK
wx.ART_DEL_BOOKMARK
wx.ART_HELP_SIDE_PANEL
wx.ART_HELP_SETTINGS
wx.ART_HELP_BOOK
wx.ART_HELP_FOLDER
wx.ART_HELP_PAGE
wx.ART_GO_BACK
wx.ART_GO_FORWARD
wx.ART_GO_UP
wx.ART_GO_DOWN
wx.ART_GO_TO_PARENT
wx.ART_GO_HOME
wx.ART_FILE_OPEN
wx.ART_PRINT
wx.ART_HELP
wx.ART_TIP
wx.ART_REPORT_VIEW
wx.ART_LIST_VIEW
wx.ART_NEW_DIR
wx.ART_HARDDISK
wx.ART_FLOPPY
wx.ART_CDROM
wx.ART_REMOVABLE
wx.ART_FOLDER
wx.ART_FOLDER_OPEN
wx.ART_GO_DIR_UP
wx.ART_EXECUTABLE_FILE
wx.ART_NORMAL_FILE
wx.ART_TICK_MARK
wx.ART_CROSS_MARK
wx.ART_ERROR
wx.ART_QUESTION
wx.ART_WARNING
wx.ART_INFORMATION
wx.ART_MISSING_IMAGE
wx.ART_ADD_BOOKMARK
wx.ART_DEL_BOOKMARK
wx.ART_HELP_SIDE_PANEL
wx.ART_HELP_SETTINGS
wx.ART_HELP_BOOK
wx.ART_HELP_FOLDER
wx.ART_HELP_PAGE
wx.ART_GO_BACK
wx.ART_GO_FORWARD
wx.ART_GO_UP
wx.ART_GO_DOWN
wx.ART_GO_TO_PARENT
wx.ART_GO_HOME
wx.ART_FILE_OPEN
wx.ART_PRINT
wx.ART_HELP
wx.ART_TIP
wx.ART_REPORT_VIEW
wx.ART_LIST_VIEW
wx.ART_NEW_DIR
wx.ART_HARDDISK
wx.ART_FLOPPY
wx.ART_CDROM
wx.ART_REMOVABLE
wx.ART_FOLDER
wx.ART_FOLDER_OPEN
wx.ART_GO_DIR_UP
wx.ART_EXECUTABLE_FILE
wx.ART_NORMAL_FILE
wx.ART_TICK_MARK
wx.ART_CROSS_MARK
wx.ART_ERROR
wx.ART_QUESTION
wx.ART_WARNING
wx.ART_INFORMATION
wx.ART_MISSING_IMAGE
wx.ART_ADD_BOOKMARK
wx.ART_DEL_BOOKMARK
wx.ART_HELP_SIDE_PANEL
wx.ART_HELP_SETTINGS
wx.ART_HELP_BOOK
wx.ART_HELP_FOLDER
wx.ART_HELP_PAGE
wx.ART_GO_BACK
wx.ART_GO_FORWARD
wx.ART_GO_UP
wx.ART_GO_DOWN
wx.ART_GO_TO_PARENT
wx.ART_GO_HOME
wx.ART_FILE_OPEN
wx.ART_PRINT
wx.ART_HELP
wx.ART_TIP
wx.ART_REPORT_VIEW
wx.ART_LIST_VIEW
wx.ART_NEW_DIR
wx.ART_HARDDISK
wx.ART_FLOPPY
wx.ART_CDROM
wx.ART_REMOVABLE
wx.ART_FOLDER
wx.ART_FOLDER_OPEN
wx.ART_GO_DIR_UP
wx.ART_EXECUTABLE_FILE
wx.ART_NORMAL_FILE
wx.ART_TICK_MARK
wx.ART_CROSS_MARK
wx.ART_ERROR
wx.ART_QUESTION
wx.ART_WARNING
wx.ART_INFORMATION
wx.ART_MISSING_IMAGE
wx.ART_ADD_BOOKMARK
wx.ART_DEL_BOOKMARK
wx.ART_HELP_SIDE_PANEL
wx.ART_HELP_SETTINGS
wx.ART_HELP_BOOK
wx.ART_HELP_FOLDER
wx.ART_HELP_PAGE
wx.ART_GO_BACK
wx.ART_GO_FORWARD
wx.ART_GO_UP
wx.ART_GO_DOWN
wx.ART_GO_TO_PARENT
wx.ART_GO_HOME
wx.ART_FILE_OPEN
wx.ART_PRINT
wx.ART_HELP
wx.ART_TIP
wx.ART_REPORT_VIEW
wx.ART_LIST_VIEW
wx.ART_NEW_DIR
wx.ART_HARDDISK
wx.ART_FLOPPY
wx.ART_CDROM
wx.ART_REMOVABLE
wx.ART_FOLDER
wx.ART_FOLDER_OPEN
wx.ART_GO_DIR_UP
wx.ART_EXECUTABLE_FILE
wx.ART_NORMAL_FILE
wx.ART_TICK_MARK
wx.ART_CROSS_MARK
wx.ART_ERROR
wx.ART_QUESTION
wx.ART_WARNING
wx.ART_INFORMATION
wx.ART_MISSING_IMAGE
wx.ART_ADD_BOOKMARK
wx.ART_DEL_BOOKMARK
wx.ART_HELP_SIDE_PANEL
wx.ART_HELP_SETTINGS
wx.ART_HELP_BOOK
wx.ART_HELP_FOLDER
wx.ART_HELP_PAGE
wx.ART_GO_BACK
wx.ART_GO_FORWARD
wx.ART_GO_UP
wx.ART_GO_DOWN
wx.ART_GO_TO_PARENT
wx.ART_GO_HOME
wx.ART_FILE_OPEN
wx.ART_PRINT
wx.ART_HELP
wx.ART_TIP
wx.ART_REPORT_VIEW
wx.ART_LIST_VIEW
wx.ART_NEW_DIR
wx.ART_HARDDISK
wx.ART_FLOPPY
wx.ART_CDROM
wx.ART_REMOVABLE
wx.ART_FOLDER
wx.ART_FOLDER_OPEN
wx.ART_GO_DIR_UP
wx.ART_EXECUTABLE_FILE
wx.ART_NORMAL_FILE
wx.ART_TICK_MARK
wx.ART_CROSS_MARK
wx.ART_ERROR
wx.ART_QUESTION
wx.ART_WARNING
wx.ART_INFORMATION
wx.ART_MISSING_IMAGE
